0 verbose cli C:\Program Files\nodejs\node.exe C:\Users\abdul\AppData\Roaming\npm\node_modules\npm\bin\npm-cli.js
1 info using npm@10.7.0
2 info using node@v18.18.2
3 silly config:load:file:C:\Users\abdul\AppData\Roaming\npm\node_modules\npm\npmrc
4 silly config:load:file:D:\Coding\Learning the Redux\redux\redux\.npmrc
5 silly config:load:file:C:\Users\abdul\.npmrc
6 silly config:load:file:C:\Users\abdul\AppData\Roaming\npm\etc\npmrc
7 verbose title npm install @testing-library/jest-dom@^5.14.1 @testing-library/react@^13.0.0 @testing-library/user-event@^13.2.1 web-vitals@^2.1.0
8 verbose argv "install" "--no-audit" "--save" "@testing-library/jest-dom@^5.14.1" "@testing-library/react@^13.0.0" "@testing-library/user-event@^13.2.1" "web-vitals@^2.1.0"
9 verbose logfile logs-max:10 dir:D:\Coding\Learning the Redux\redux\redux\.npm\_logs\2024-05-03T12_39_29_403Z-
10 verbose logfile D:\Coding\Learning the Redux\redux\redux\.npm\_logs\2024-05-03T12_39_29_403Z-debug-0.log
11 silly logfile done cleaning log files
12 silly idealTree buildDeps
13 silly fetch manifest @testing-library/jest-dom@^5.14.1
14 http fetch GET 200 https://registry.npmjs.org/@testing-library%2fjest-dom 4673ms (cache miss)
15 silly fetch manifest @testing-library/react@^13.0.0
16 http fetch GET 200 https://registry.npmjs.org/@testing-library%2freact 855ms (cache miss)
17 silly fetch manifest react@^18.3.1
18 http fetch GET 200 https://registry.npmjs.org/react 241ms (cache revalidated)
19 silly fetch manifest react-dom@^18.3.1
20 http fetch GET 200 https://registry.npmjs.org/react-dom 306ms (cache revalidated)
21 silly fetch manifest @testing-library/user-event@^13.2.1
22 http fetch GET 200 https://registry.npmjs.org/@testing-library%2fuser-event 626ms (cache miss)
23 silly fetch manifest @testing-library/dom@>=7.21.4
24 http fetch GET 200 https://registry.npmjs.org/@testing-library%2fdom 653ms (cache miss)
25 silly fetch manifest web-vitals@^2.1.0
26 http fetch GET 200 https://registry.npmjs.org/web-vitals 989ms (cache miss)
27 silly placeDep ROOT @testing-library/jest-dom@5.17.0 OK for: redux@0.1.0 want: ^5.14.1
28 silly placeDep ROOT @testing-library/react@13.4.0 OK for: redux@0.1.0 want: ^13.0.0
29 silly placeDep ROOT @testing-library/user-event@13.5.0 OK for: redux@0.1.0 want: ^13.2.1
30 silly placeDep ROOT @testing-library/dom@10.1.0 OK for: @testing-library/user-event@13.5.0 want: >=7.21.4
31 silly placeDep ROOT web-vitals@2.1.4 OK for: redux@0.1.0 want: ^2.1.0
32 silly fetch manifest @types/testing-library__jest-dom@^5.9.1
33 silly fetch manifest chalk@^3.0.0
34 silly fetch manifest @adobe/css-tools@^4.0.1
35 http fetch GET 200 https://registry.npmjs.org/@types%2ftesting-library__jest-dom 430ms (cache miss)
36 silly fetch manifest css.escape@^1.5.1
37 http fetch GET 200 https://registry.npmjs.org/css.escape 289ms (cache miss)
38 silly fetch manifest dom-accessibility-api@^0.5.6
39 http fetch GET 200 https://registry.npmjs.org/chalk 847ms (cache revalidated)
40 silly fetch manifest redent@^3.0.0
41 http fetch GET 200 https://registry.npmjs.org/dom-accessibility-api 131ms (cache miss)
42 silly fetch manifest @testing-library/dom@^8.5.0
43 silly fetch manifest @types/react-dom@^18.0.0
44 http fetch GET 200 https://registry.npmjs.org/redent 137ms (cache miss)
45 silly fetch manifest @types/aria-query@^5.0.1
46 http fetch GET 200 https://registry.npmjs.org/@types%2freact-dom 279ms (cache miss)
47 silly fetch manifest chalk@^4.1.0
48 silly fetch manifest dom-accessibility-api@^0.5.9
49 silly fetch manifest lz-string@^1.5.0
50 http fetch GET 200 https://registry.npmjs.org/@types%2faria-query 175ms (cache miss)
51 http fetch GET 200 https://registry.npmjs.org/@adobe%2fcss-tools 1188ms (cache miss)
52 http fetch GET 200 https://registry.npmjs.org/lz-string 90ms (cache miss)
53 silly placeDep ROOT @types/aria-query@5.0.4 OK for: @testing-library/dom@10.1.0 want: ^5.0.1
54 silly placeDep node_modules/@testing-library/dom chalk@4.1.2 OK for: @testing-library/dom@10.1.0 want: ^4.1.0
55 silly placeDep ROOT dom-accessibility-api@0.5.16 OK for: @testing-library/dom@10.1.0 want: ^0.5.9
56 silly placeDep ROOT lz-string@1.5.0 OK for: @testing-library/dom@10.1.0 want: ^1.5.0
57 silly fetch manifest ansi-styles@^4.1.0
58 silly fetch manifest supports-color@^7.1.0
59 http fetch GET 200 https://registry.npmjs.org/ansi-styles 157ms (cache revalidated)
60 http fetch GET 200 https://registry.npmjs.org/supports-color 316ms (cache revalidated)
61 silly placeDep ROOT @adobe/css-tools@4.3.3 OK for: @testing-library/jest-dom@5.17.0 want: ^4.0.1
62 silly placeDep ROOT @types/testing-library__jest-dom@5.14.9 OK for: @testing-library/jest-dom@5.17.0 want: ^5.9.1
63 silly placeDep node_modules/@testing-library/jest-dom chalk@3.0.0 OK for: @testing-library/jest-dom@5.17.0 want: ^3.0.0
64 silly placeDep ROOT css.escape@1.5.1 OK for: @testing-library/jest-dom@5.17.0 want: ^1.5.1
65 silly placeDep ROOT redent@3.0.0 OK for: @testing-library/jest-dom@5.17.0 want: ^3.0.0
66 silly fetch manifest @types/jest@*
67 silly fetch manifest indent-string@^4.0.0
68 silly fetch manifest strip-indent@^3.0.0
69 http fetch GET 200 https://registry.npmjs.org/indent-string 440ms (cache miss)
70 http fetch GET 200 https://registry.npmjs.org/@types%2fjest 548ms (cache miss)
71 http fetch GET 200 https://registry.npmjs.org/strip-indent 1161ms (cache miss)
72 silly placeDep node_modules/@testing-library/react @testing-library/dom@8.20.1 OK for: @testing-library/react@13.4.0 want: ^8.5.0
73 silly placeDep ROOT @types/react-dom@18.3.0 OK for: @testing-library/react@13.4.0 want: ^18.0.0
74 silly fetch manifest aria-query@5.1.3
75 silly fetch manifest @types/react@*
76 http fetch GET 200 https://registry.npmjs.org/aria-query 15ms (cache hit)
77 http fetch GET 200 https://registry.npmjs.org/@types%2freact 2881ms (cache miss)
78 silly placeDep ROOT @types/react@18.3.1 OK for: @types/react-dom@18.3.0 want: *
79 silly fetch manifest @types/prop-types@*
80 silly fetch manifest csstype@^3.0.2
81 http fetch GET 200 https://registry.npmjs.org/@types%2fprop-types 130ms (cache miss)
82 http fetch GET 200 https://registry.npmjs.org/csstype 353ms (cache miss)
83 silly placeDep ROOT @types/prop-types@15.7.12 OK for: @types/react@18.3.1 want: *
84 silly placeDep ROOT csstype@3.1.3 OK for: @types/react@18.3.1 want: ^3.0.2
85 silly placeDep ROOT @types/jest@29.5.12 OK for: @types/testing-library__jest-dom@5.14.9 want: *
86 silly fetch manifest expect@^29.0.0
87 silly fetch manifest pretty-format@^29.0.0
88 http fetch GET 200 https://registry.npmjs.org/pretty-format 40ms (cache hit)
89 http fetch GET 200 https://registry.npmjs.org/expect 139ms (cache hit)
90 silly placeDep node_modules/@types/jest expect@29.7.0 OK for: @types/jest@29.5.12 want: ^29.0.0
91 silly placeDep node_modules/@types/jest pretty-format@29.7.0 OK for: @types/jest@29.5.12 want: ^29.0.0
92 silly fetch manifest @jest/expect-utils@^29.7.0
93 silly fetch manifest jest-get-type@^29.6.3
94 silly fetch manifest jest-matcher-utils@^29.7.0
95 http fetch GET 200 https://registry.npmjs.org/jest-matcher-utils 26ms (cache hit)
96 silly fetch manifest jest-message-util@^29.7.0
97 http fetch GET 200 https://registry.npmjs.org/jest-get-type 58ms (cache hit)
98 silly fetch manifest jest-util@^29.7.0
99 http fetch GET 200 https://registry.npmjs.org/jest-message-util 80ms (cache hit)
100 silly fetch manifest @jest/schemas@^29.6.3
101 http fetch GET 200 https://registry.npmjs.org/@jest%2fschemas 889ms (cache hit)
102 silly fetch manifest ansi-styles@^5.0.0
103 silly fetch manifest react-is@^18.0.0
104 http fetch GET 200 https://registry.npmjs.org/jest-util 1183ms (cache revalidated)
105 http fetch GET 200 https://registry.npmjs.org/@jest%2fexpect-utils 1326ms (cache miss)
106 http fetch GET 200 https://registry.npmjs.org/react-is 168ms (cache hit)
107 silly fetch manifest typescript@^3.2.1 || ^4
108 http fetch GET 200 https://registry.npmjs.org/typescript 2594ms (cache revalidated)
109 silly placeDep ROOT typescript@4.9.5 REPLACE for: react-scripts@5.0.1 want: ^3.2.1 || ^4
110 silly placeDep ROOT indent-string@4.0.0 OK for: redent@3.0.0 want: ^4.0.0
111 silly placeDep ROOT strip-indent@3.0.0 OK for: redent@3.0.0 want: ^3.0.0
112 silly fetch manifest min-indent@^1.0.0
113 http fetch GET 200 https://registry.npmjs.org/min-indent 113ms (cache miss)
114 silly placeDep ROOT min-indent@1.0.1 OK for: strip-indent@3.0.0 want: ^1.0.0
115 silly placeDep node_modules/@testing-library/dom ansi-styles@4.3.0 OK for: chalk@4.1.2 want: ^4.1.0
116 silly placeDep node_modules/@testing-library/dom supports-color@7.2.0 OK for: chalk@4.1.2 want: ^7.1.0
117 silly fetch manifest color-convert@^2.0.1
118 silly fetch manifest has-flag@^4.0.0
119 http fetch GET 200 https://registry.npmjs.org/has-flag 90ms (cache revalidated)
120 http fetch GET 200 https://registry.npmjs.org/color-convert 209ms (cache revalidated)
121 silly placeDep node_modules/@testing-library/dom color-convert@2.0.1 OK for: ansi-styles@4.3.0 want: ^2.0.1
122 silly fetch manifest color-name@~1.1.4
123 http fetch GET 200 https://registry.npmjs.org/color-name 131ms (cache revalidated)
124 silly placeDep node_modules/@testing-library/dom color-name@1.1.4 OK for: color-convert@2.0.1 want: ~1.1.4
125 silly placeDep node_modules/@testing-library/dom has-flag@4.0.0 OK for: supports-color@7.2.0 want: ^4.0.0
126 silly placeDep node_modules/@testing-library/jest-dom ansi-styles@4.3.0 OK for: chalk@3.0.0 want: ^4.1.0
127 silly placeDep node_modules/@testing-library/jest-dom supports-color@7.2.0 OK for: chalk@3.0.0 want: ^7.1.0
128 silly placeDep node_modules/@testing-library/jest-dom color-convert@2.0.1 OK for: ansi-styles@4.3.0 want: ^2.0.1
129 silly placeDep node_modules/@testing-library/jest-dom color-name@1.1.4 OK for: color-convert@2.0.1 want: ~1.1.4
130 silly placeDep node_modules/@testing-library/jest-dom has-flag@4.0.0 OK for: supports-color@7.2.0 want: ^4.0.0
131 silly placeDep node_modules/@testing-library/react aria-query@5.1.3 OK for: @testing-library/dom@8.20.1 want: 5.1.3
132 silly placeDep node_modules/@testing-library/react chalk@4.1.2 OK for: @testing-library/dom@8.20.1 want: ^4.1.0
133 silly fetch manifest deep-equal@^2.0.5
134 http fetch GET 200 https://registry.npmjs.org/deep-equal 262ms (cache miss)
135 silly placeDep ROOT deep-equal@2.2.3 OK for: aria-query@5.1.3 want: ^2.0.5
136 silly fetch manifest es-get-iterator@^1.1.3
137 silly fetch manifest is-arguments@^1.1.1
138 silly fetch manifest object-is@^1.1.5
139 http fetch GET 200 https://registry.npmjs.org/is-arguments 125ms (cache miss)
140 http fetch GET 200 https://registry.npmjs.org/object-is 124ms (cache miss)
141 http fetch GET 200 https://registry.npmjs.org/es-get-iterator 194ms (cache miss)
142 silly placeDep ROOT es-get-iterator@1.1.3 OK for: deep-equal@2.2.3 want: ^1.1.3
143 silly placeDep ROOT is-arguments@1.1.1 OK for: deep-equal@2.2.3 want: ^1.1.1
144 silly placeDep ROOT object-is@1.1.6 OK for: deep-equal@2.2.3 want: ^1.1.5
145 silly fetch manifest stop-iteration-iterator@^1.0.0
146 http fetch GET 200 https://registry.npmjs.org/stop-iteration-iterator 351ms (cache miss)
147 silly placeDep ROOT stop-iteration-iterator@1.0.0 OK for: es-get-iterator@1.1.3 want: ^1.0.0
148 silly placeDep node_modules/@testing-library/react ansi-styles@4.3.0 OK for: chalk@4.1.2 want: ^4.1.0
149 silly placeDep node_modules/@testing-library/react supports-color@7.2.0 OK for: chalk@4.1.2 want: ^7.1.0
150 silly placeDep node_modules/@testing-library/react color-convert@2.0.1 OK for: ansi-styles@4.3.0 want: ^2.0.1
151 silly placeDep node_modules/@testing-library/react color-name@1.1.4 OK for: color-convert@2.0.1 want: ~1.1.4
152 silly placeDep node_modules/@testing-library/react has-flag@4.0.0 OK for: supports-color@7.2.0 want: ^4.0.0
153 silly placeDep ROOT @jest/expect-utils@29.7.0 OK for: expect@29.7.0 want: ^29.7.0
154 silly placeDep node_modules/@types/jest jest-get-type@29.6.3 OK for: expect@29.7.0 want: ^29.6.3
155 silly placeDep node_modules/@types/jest jest-matcher-utils@29.7.0 OK for: expect@29.7.0 want: ^29.7.0
156 silly placeDep node_modules/@types/jest jest-message-util@29.7.0 OK for: expect@29.7.0 want: ^29.7.0
157 silly placeDep node_modules/@types/jest jest-util@29.7.0 OK for: expect@29.7.0 want: ^29.7.0
158 silly fetch manifest chalk@^4.0.0
159 silly fetch manifest jest-diff@^29.7.0
160 silly fetch manifest @jest/types@^29.6.3
161 http fetch GET 200 https://registry.npmjs.org/jest-diff 22ms (cache hit)
162 http fetch GET 200 https://registry.npmjs.org/@jest%2ftypes 337ms (cache revalidated)
163 silly placeDep node_modules/@jest/expect-utils jest-get-type@29.6.3 OK for: @jest/expect-utils@29.7.0 want: ^29.6.3
164 silly placeDep node_modules/@types/jest chalk@4.1.2 OK for: jest-matcher-utils@29.7.0 want: ^4.0.0
165 silly placeDep node_modules/@types/jest jest-diff@29.7.0 OK for: jest-matcher-utils@29.7.0 want: ^29.7.0
166 silly fetch manifest diff-sequences@^29.6.3
167 http fetch GET 200 https://registry.npmjs.org/diff-sequences 11ms (cache hit)
168 silly placeDep node_modules/@types/jest ansi-styles@4.3.0 OK for: chalk@4.1.2 want: ^4.1.0
169 silly placeDep node_modules/@types/jest supports-color@7.2.0 OK for: chalk@4.1.2 want: ^7.1.0
170 silly placeDep node_modules/@types/jest color-convert@2.0.1 OK for: ansi-styles@4.3.0 want: ^2.0.1
171 silly placeDep node_modules/@types/jest color-name@1.1.4 OK for: color-convert@2.0.1 want: ~1.1.4
172 silly placeDep node_modules/@types/jest diff-sequences@29.6.3 OK for: jest-diff@29.7.0 want: ^29.6.3
173 silly placeDep node_modules/@types/jest @jest/types@29.6.3 OK for: jest-message-util@29.7.0 want: ^29.6.3
174 silly fetch manifest @types/yargs@^17.0.8
175 http fetch GET 200 https://registry.npmjs.org/@types%2fyargs 400ms (cache revalidated)
176 silly placeDep node_modules/@types/jest @jest/schemas@29.6.3 OK for: @jest/types@29.6.3 want: ^29.6.3
177 silly placeDep node_modules/@types/jest @types/yargs@17.0.32 OK for: @jest/types@29.6.3 want: ^17.0.8
178 silly fetch manifest @sinclair/typebox@^0.27.8
179 http fetch GET 200 https://registry.npmjs.org/@sinclair%2ftypebox 34ms (cache hit)
180 silly placeDep node_modules/@types/jest @sinclair/typebox@0.27.8 OK for: @jest/schemas@29.6.3 want: ^0.27.8
181 silly placeDep node_modules/@types/jest/node_modules/pretty-format ansi-styles@5.2.0 OK for: pretty-format@29.7.0 want: ^5.0.0
182 silly placeDep node_modules/@types/jest react-is@18.3.1 OK for: pretty-format@29.7.0 want: ^18.0.0
183 silly placeDep node_modules/@types/jest has-flag@4.0.0 OK for: supports-color@7.2.0 want: ^4.0.0
184 silly reify mark retired [
184 silly reify   'D:\\Coding\\Learning the Redux\\redux\\redux\\node_modules\\typescript',
184 silly reify   'D:\\Coding\\Learning the Redux\\redux\\redux\\node_modules\\.bin\\tsc',
184 silly reify   'D:\\Coding\\Learning the Redux\\redux\\redux\\node_modules\\.bin\\tsc.cmd',
184 silly reify   'D:\\Coding\\Learning the Redux\\redux\\redux\\node_modules\\.bin\\tsc.ps1',
184 silly reify   'D:\\Coding\\Learning the Redux\\redux\\redux\\node_modules\\.bin\\tsserver',
184 silly reify   'D:\\Coding\\Learning the Redux\\redux\\redux\\node_modules\\.bin\\tsserver.cmd',
184 silly reify   'D:\\Coding\\Learning the Redux\\redux\\redux\\node_modules\\.bin\\tsserver.ps1'
184 silly reify ]
185 silly reify moves {
185 silly reify   'D:\\Coding\\Learning the Redux\\redux\\redux\\node_modules\\typescript': 'D:\\Coding\\Learning the Redux\\redux\\redux\\node_modules\\.typescript-1rnu6CvV',
185 silly reify   'D:\\Coding\\Learning the Redux\\redux\\redux\\node_modules\\.bin\\tsc': 'D:\\Coding\\Learning the Redux\\redux\\redux\\node_modules\\.bin\\.tsc-zqq7iHpQ',
185 silly reify   'D:\\Coding\\Learning the Redux\\redux\\redux\\node_modules\\.bin\\tsc.cmd': 'D:\\Coding\\Learning the Redux\\redux\\redux\\node_modules\\.bin\\.tsc.cmd-0aILPs4E',
185 silly reify   'D:\\Coding\\Learning the Redux\\redux\\redux\\node_modules\\.bin\\tsc.ps1': 'D:\\Coding\\Learning the Redux\\redux\\redux\\node_modules\\.bin\\.tsc.ps1-DurOsfFL',
185 silly reify   'D:\\Coding\\Learning the Redux\\redux\\redux\\node_modules\\.bin\\tsserver': 'D:\\Coding\\Learning the Redux\\redux\\redux\\node_modules\\.bin\\.tsserver-dkyTOoMd',
185 silly reify   'D:\\Coding\\Learning the Redux\\redux\\redux\\node_modules\\.bin\\tsserver.cmd': 'D:\\Coding\\Learning the Redux\\redux\\redux\\node_modules\\.bin\\.tsserver.cmd-sj8hP8LU',
185 silly reify   'D:\\Coding\\Learning the Redux\\redux\\redux\\node_modules\\.bin\\tsserver.ps1': 'D:\\Coding\\Learning the Redux\\redux\\redux\\node_modules\\.bin\\.tsserver.ps1-gqcgea1l'
185 silly reify }
186 verbose reify failed optional dependency D:\Coding\Learning the Redux\redux\redux\node_modules\fsevents
187 silly reify mark deleted [
187 silly reify   'D:\\Coding\\Learning the Redux\\redux\\redux\\node_modules\\fsevents'
187 silly reify ]
188 silly tarball no local data for @jest/expect-utils@https://registry.npmjs.org/@jest/expect-utils/-/expect-utils-29.7.0.tgz. Extracting by manifest.
189 silly tarball no local data for stop-iteration-iterator@https://registry.npmjs.org/stop-iteration-iterator/-/stop-iteration-iterator-1.0.0.tgz. Extracting by manifest.
190 silly tarball no local data for es-get-iterator@https://registry.npmjs.org/es-get-iterator/-/es-get-iterator-1.1.3.tgz. Extracting by manifest.
191 silly tarball no local data for object-is@https://registry.npmjs.org/object-is/-/object-is-1.1.6.tgz. Extracting by manifest.
192 silly tarball no local data for deep-equal@https://registry.npmjs.org/deep-equal/-/deep-equal-2.2.3.tgz. Extracting by manifest.
193 silly tarball no local data for is-arguments@https://registry.npmjs.org/is-arguments/-/is-arguments-1.1.1.tgz. Extracting by manifest.
194 silly tarball no local data for strip-indent@https://registry.npmjs.org/strip-indent/-/strip-indent-3.0.0.tgz. Extracting by manifest.
195 silly tarball no local data for min-indent@https://registry.npmjs.org/min-indent/-/min-indent-1.0.1.tgz. Extracting by manifest.
196 silly tarball no local data for indent-string@https://registry.npmjs.org/indent-string/-/indent-string-4.0.0.tgz. Extracting by manifest.
197 silly tarball no local data for @types/jest@https://registry.npmjs.org/@types/jest/-/jest-29.5.12.tgz. Extracting by manifest.
198 silly tarball no local data for csstype@https://registry.npmjs.org/csstype/-/csstype-3.1.3.tgz. Extracting by manifest.
199 silly tarball no local data for @types/react@https://registry.npmjs.org/@types/react/-/react-18.3.1.tgz. Extracting by manifest.
200 silly tarball no local data for @types/prop-types@https://registry.npmjs.org/@types/prop-types/-/prop-types-15.7.12.tgz. Extracting by manifest.
201 silly tarball no local data for @types/react-dom@https://registry.npmjs.org/@types/react-dom/-/react-dom-18.3.0.tgz. Extracting by manifest.
202 silly tarball no local data for redent@https://registry.npmjs.org/redent/-/redent-3.0.0.tgz. Extracting by manifest.
203 silly tarball no local data for css.escape@https://registry.npmjs.org/css.escape/-/css.escape-1.5.1.tgz. Extracting by manifest.
204 silly tarball no local data for @types/testing-library__jest-dom@https://registry.npmjs.org/@types/testing-library__jest-dom/-/testing-library__jest-dom-5.14.9.tgz. Extracting by manifest.
205 silly tarball no local data for @adobe/css-tools@https://registry.npmjs.org/@adobe/css-tools/-/css-tools-4.3.3.tgz. Extracting by manifest.
206 silly tarball no local data for lz-string@https://registry.npmjs.org/lz-string/-/lz-string-1.5.0.tgz. Extracting by manifest.
207 silly tarball no local data for dom-accessibility-api@https://registry.npmjs.org/dom-accessibility-api/-/dom-accessibility-api-0.5.16.tgz. Extracting by manifest.
208 silly tarball no local data for web-vitals@https://registry.npmjs.org/web-vitals/-/web-vitals-2.1.4.tgz. Extracting by manifest.
209 silly tarball no local data for @types/aria-query@https://registry.npmjs.org/@types/aria-query/-/aria-query-5.0.4.tgz. Extracting by manifest.
210 silly tarball no local data for @testing-library/react@https://registry.npmjs.org/@testing-library/react/-/react-13.4.0.tgz. Extracting by manifest.
211 silly tarball no local data for @testing-library/user-event@https://registry.npmjs.org/@testing-library/user-event/-/user-event-13.5.0.tgz. Extracting by manifest.
212 silly tarball no local data for typescript@https://registry.npmjs.org/typescript/-/typescript-4.9.5.tgz. Extracting by manifest.
213 silly tarball no local data for @testing-library/jest-dom@https://registry.npmjs.org/@testing-library/jest-dom/-/jest-dom-5.17.0.tgz. Extracting by manifest.
214 silly tarball no local data for @testing-library/dom@https://registry.npmjs.org/@testing-library/dom/-/dom-10.1.0.tgz. Extracting by manifest.
215 silly tarball no local data for jest-get-type@https://registry.npmjs.org/jest-get-type/-/jest-get-type-29.6.3.tgz. Extracting by manifest.
216 silly tarball no local data for @sinclair/typebox@https://registry.npmjs.org/@sinclair/typebox/-/typebox-0.27.8.tgz. Extracting by manifest.
217 silly tarball no local data for @jest/schemas@https://registry.npmjs.org/@jest/schemas/-/schemas-29.6.3.tgz. Extracting by manifest.
218 silly tarball no local data for @jest/types@https://registry.npmjs.org/@jest/types/-/types-29.6.3.tgz. Extracting by manifest.
219 silly tarball no local data for diff-sequences@https://registry.npmjs.org/diff-sequences/-/diff-sequences-29.6.3.tgz. Extracting by manifest.
220 silly tarball no local data for jest-util@https://registry.npmjs.org/jest-util/-/jest-util-29.7.0.tgz. Extracting by manifest.
221 silly tarball no local data for jest-diff@https://registry.npmjs.org/jest-diff/-/jest-diff-29.7.0.tgz. Extracting by manifest.
222 silly tarball no local data for jest-message-util@https://registry.npmjs.org/jest-message-util/-/jest-message-util-29.7.0.tgz. Extracting by manifest.
223 silly tarball no local data for jest-matcher-utils@https://registry.npmjs.org/jest-matcher-utils/-/jest-matcher-utils-29.7.0.tgz. Extracting by manifest.
224 silly tarball no local data for pretty-format@https://registry.npmjs.org/pretty-format/-/pretty-format-29.7.0.tgz. Extracting by manifest.
225 silly tarball no local data for expect@https://registry.npmjs.org/expect/-/expect-29.7.0.tgz. Extracting by manifest.
226 silly tarball no local data for aria-query@https://registry.npmjs.org/aria-query/-/aria-query-5.1.3.tgz. Extracting by manifest.
227 silly tarball no local data for @testing-library/dom@https://registry.npmjs.org/@testing-library/dom/-/dom-8.20.1.tgz. Extracting by manifest.
228 silly tarball no local data for jest-get-type@https://registry.npmjs.org/jest-get-type/-/jest-get-type-29.6.3.tgz. Extracting by manifest.
229 silly tarball no local data for chalk@https://registry.npmjs.org/chalk/-/chalk-3.0.0.tgz. Extracting by manifest.
230 http fetch GET 200 https://registry.npmjs.org/stop-iteration-iterator/-/stop-iteration-iterator-1.0.0.tgz 285ms (cache miss)
231 http fetch GET 200 https://registry.npmjs.org/@jest/expect-utils/-/expect-utils-29.7.0.tgz 398ms (cache miss)
232 http fetch GET 200 https://registry.npmjs.org/es-get-iterator/-/es-get-iterator-1.1.3.tgz 415ms (cache miss)
233 http fetch GET 200 https://registry.npmjs.org/css.escape/-/css.escape-1.5.1.tgz 550ms (cache miss)
234 http fetch GET 200 https://registry.npmjs.org/@types/testing-library__jest-dom/-/testing-library__jest-dom-5.14.9.tgz 552ms (cache miss)
235 http fetch GET 200 https://registry.npmjs.org/strip-indent/-/strip-indent-3.0.0.tgz 756ms (cache miss)
236 http fetch GET 200 https://registry.npmjs.org/@types/prop-types/-/prop-types-15.7.12.tgz 759ms (cache miss)
237 http fetch GET 200 https://registry.npmjs.org/is-arguments/-/is-arguments-1.1.1.tgz 777ms (cache miss)
238 http fetch GET 200 https://registry.npmjs.org/object-is/-/object-is-1.1.6.tgz 793ms (cache miss)
239 http fetch GET 200 https://registry.npmjs.org/lz-string/-/lz-string-1.5.0.tgz 785ms (cache miss)
240 http fetch GET 200 https://registry.npmjs.org/@types/react/-/react-18.3.1.tgz 1179ms (cache miss)
241 http fetch GET 200 https://registry.npmjs.org/min-indent/-/min-indent-1.0.1.tgz 1528ms (cache miss)
242 http fetch GET 200 https://registry.npmjs.org/indent-string/-/indent-string-4.0.0.tgz 1537ms (cache miss)
243 http fetch GET 200 https://registry.npmjs.org/redent/-/redent-3.0.0.tgz 1538ms (cache miss)
244 http fetch GET 200 https://registry.npmjs.org/@types/jest/-/jest-29.5.12.tgz 2166ms (cache miss)
245 http fetch GET 200 https://registry.npmjs.org/deep-equal/-/deep-equal-2.2.3.tgz 2320ms (cache miss)
246 http fetch GET 200 https://registry.npmjs.org/@types/react-dom/-/react-dom-18.3.0.tgz 2355ms (cache miss)
247 http fetch GET 200 https://registry.npmjs.org/diff-sequences/-/diff-sequences-29.6.3.tgz 2337ms (cache miss)
248 http fetch GET 200 https://registry.npmjs.org/jest-message-util/-/jest-message-util-29.7.0.tgz 2420ms (cache miss)
249 http fetch GET 200 https://registry.npmjs.org/@types/aria-query/-/aria-query-5.0.4.tgz 2449ms (cache miss)
250 http fetch GET 200 https://registry.npmjs.org/jest-matcher-utils/-/jest-matcher-utils-29.7.0.tgz 2503ms (cache miss)
251 http fetch GET 200 https://registry.npmjs.org/@adobe/css-tools/-/css-tools-4.3.3.tgz 2529ms (cache miss)
252 http fetch GET 200 https://registry.npmjs.org/jest-get-type/-/jest-get-type-29.6.3.tgz 2620ms (cache miss)
253 http fetch GET 200 https://registry.npmjs.org/jest-get-type/-/jest-get-type-29.6.3.tgz 2917ms (cache miss)
254 http fetch GET 200 https://registry.npmjs.org/@jest/schemas/-/schemas-29.6.3.tgz 3021ms (cache miss)
255 http fetch GET 200 https://registry.npmjs.org/pretty-format/-/pretty-format-29.7.0.tgz 3017ms (cache miss)
256 http fetch GET 200 https://registry.npmjs.org/jest-util/-/jest-util-29.7.0.tgz 3162ms (cache miss)
257 http fetch GET 200 https://registry.npmjs.org/jest-diff/-/jest-diff-29.7.0.tgz 3191ms (cache miss)
258 http fetch GET 200 https://registry.npmjs.org/@testing-library/jest-dom/-/jest-dom-5.17.0.tgz 3225ms (cache miss)
259 http fetch GET 200 https://registry.npmjs.org/@sinclair/typebox/-/typebox-0.27.8.tgz 3289ms (cache miss)
260 http fetch GET 200 https://registry.npmjs.org/dom-accessibility-api/-/dom-accessibility-api-0.5.16.tgz 3330ms (cache miss)
261 http fetch GET 200 https://registry.npmjs.org/web-vitals/-/web-vitals-2.1.4.tgz 3337ms (cache miss)
262 http fetch GET 200 https://registry.npmjs.org/csstype/-/csstype-3.1.3.tgz 3466ms (cache miss)
263 http fetch GET 200 https://registry.npmjs.org/expect/-/expect-29.7.0.tgz 3578ms (cache miss)
264 http fetch GET 200 https://registry.npmjs.org/aria-query/-/aria-query-5.1.3.tgz 4326ms (cache miss)
265 http fetch GET 200 https://registry.npmjs.org/chalk/-/chalk-3.0.0.tgz 4725ms (cache miss)
266 http fetch GET 200 https://registry.npmjs.org/@testing-library/user-event/-/user-event-13.5.0.tgz 5120ms (cache miss)
267 http fetch GET 200 https://registry.npmjs.org/@testing-library/dom/-/dom-10.1.0.tgz 5492ms (cache miss)
268 http fetch GET 200 https://registry.npmjs.org/@testing-library/react/-/react-13.4.0.tgz 8348ms (cache miss)
269 http fetch GET 200 https://registry.npmjs.org/@jest/types/-/types-29.6.3.tgz 9116ms (cache miss)
270 http fetch GET 200 https://registry.npmjs.org/@testing-library/dom/-/dom-8.20.1.tgz 12610ms (cache miss)
271 http fetch GET 200 https://registry.npmjs.org/typescript/-/typescript-4.9.5.tgz 24004ms (cache miss)
272 silly ADD node_modules/@jest/expect-utils
273 silly ADD node_modules/@jest/expect-utils/node_modules/jest-get-type
274 silly ADD node_modules/stop-iteration-iterator
275 silly ADD node_modules/object-is
276 silly ADD node_modules/is-arguments
277 silly ADD node_modules/es-get-iterator
278 silly ADD node_modules/deep-equal
279 silly ADD node_modules/min-indent
280 silly ADD node_modules/strip-indent
281 silly ADD node_modules/indent-string
282 silly ADD node_modules/@types/jest
283 silly ADD node_modules/@types/jest/node_modules/has-flag
284 silly ADD node_modules/@types/jest/node_modules/react-is
285 silly ADD node_modules/@types/jest/node_modules/@sinclair/typebox
286 silly ADD node_modules/@types/jest/node_modules/@types/yargs
287 silly ADD node_modules/@types/jest/node_modules/@jest/schemas
288 silly ADD node_modules/@types/jest/node_modules/@jest/types
289 silly ADD node_modules/@types/jest/node_modules/diff-sequences
290 silly ADD node_modules/@types/jest/node_modules/color-name
291 silly ADD node_modules/@types/jest/node_modules/color-convert
292 silly ADD node_modules/@types/jest/node_modules/supports-color
293 silly ADD node_modules/@types/jest/node_modules/ansi-styles
294 silly ADD node_modules/@types/jest/node_modules/jest-diff
295 silly ADD node_modules/@types/jest/node_modules/chalk
296 silly ADD node_modules/@types/jest/node_modules/jest-util
297 silly ADD node_modules/@types/jest/node_modules/jest-message-util
298 silly ADD node_modules/@types/jest/node_modules/jest-matcher-utils
299 silly ADD node_modules/@types/jest/node_modules/jest-get-type
300 silly ADD node_modules/@types/jest/node_modules/pretty-format
301 silly ADD node_modules/@types/jest/node_modules/pretty-format/node_modules/ansi-styles
302 silly ADD node_modules/@types/jest/node_modules/expect
303 silly ADD node_modules/csstype
304 silly ADD node_modules/@types/prop-types
305 silly ADD node_modules/@types/react
306 silly ADD node_modules/@types/react-dom
307 silly ADD node_modules/redent
308 silly ADD node_modules/css.escape
309 silly ADD node_modules/@types/testing-library__jest-dom
310 silly ADD node_modules/@adobe/css-tools
311 silly ADD node_modules/lz-string
312 silly ADD node_modules/dom-accessibility-api
313 silly ADD node_modules/@types/aria-query
314 silly ADD node_modules/web-vitals
315 silly ADD node_modules/@testing-library/dom
316 silly ADD node_modules/@testing-library/dom/node_modules/has-flag
317 silly ADD node_modules/@testing-library/dom/node_modules/color-name
318 silly ADD node_modules/@testing-library/dom/node_modules/color-convert
319 silly ADD node_modules/@testing-library/dom/node_modules/supports-color
320 silly ADD node_modules/@testing-library/dom/node_modules/ansi-styles
321 silly ADD node_modules/@testing-library/dom/node_modules/chalk
322 silly ADD node_modules/@testing-library/user-event
323 silly ADD node_modules/@testing-library/react
324 silly ADD node_modules/@testing-library/react/node_modules/has-flag
325 silly ADD node_modules/@testing-library/react/node_modules/color-name
326 silly ADD node_modules/@testing-library/react/node_modules/color-convert
327 silly ADD node_modules/@testing-library/react/node_modules/supports-color
328 silly ADD node_modules/@testing-library/react/node_modules/ansi-styles
329 silly ADD node_modules/@testing-library/react/node_modules/chalk
330 silly ADD node_modules/@testing-library/react/node_modules/aria-query
331 silly ADD node_modules/@testing-library/react/node_modules/@testing-library/dom
332 silly ADD node_modules/@testing-library/jest-dom
333 silly ADD node_modules/@testing-library/jest-dom/node_modules/has-flag
334 silly ADD node_modules/@testing-library/jest-dom/node_modules/color-name
335 silly ADD node_modules/@testing-library/jest-dom/node_modules/color-convert
336 silly ADD node_modules/@testing-library/jest-dom/node_modules/supports-color
337 silly ADD node_modules/@testing-library/jest-dom/node_modules/ansi-styles
338 silly ADD node_modules/@testing-library/jest-dom/node_modules/chalk
339 silly ADD
340 silly CHANGE node_modules/typescript
341 verbose exit 0
342 info ok
